

Started GET "/assets/rails.png" for 127.0.0.1 at 2013-10-30 11:55:29 -0700
Connecting to database specified by database.yml
Served asset /rails.png - 304 Not Modified (1ms)


Started GET "/" for 127.0.0.1 at 2013-10-30 12:09:11 -0700

ActionController::RoutingError (No route matches [GET] "/"):
  actionpack (3.2.12) lib/action_dispatch/middleware/debug_exceptions.rb:21:in `call'
  actionpack (3.2.12) lib/action_dispatch/middleware/show_exceptions.rb:56:in `call'
  railties (3.2.12) lib/rails/rack/logger.rb:32:in `call_app'
  railties (3.2.12) lib/rails/rack/logger.rb:16:in `block in call'
  activesupport (3.2.12) lib/active_support/tagged_logging.rb:22:in `tagged'
  railties (3.2.12) lib/rails/rack/logger.rb:16:in `call'
  actionpack (3.2.12) lib/action_dispatch/middleware/request_id.rb:22:in `call'
  rack (1.4.5) lib/rack/methodoverride.rb:21:in `call'
  rack (1.4.5) lib/rack/runtime.rb:17:in `call'
  activesupport (3.2.12) lib/active_support/cache/strategy/local_cache.rb:72:in `call'
  rack (1.4.5) lib/rack/lock.rb:15:in `call'
  actionpack (3.2.12) lib/action_dispatch/middleware/static.rb:62:in `call'
  railties (3.2.12) lib/rails/engine.rb:479:in `call'
  railties (3.2.12) lib/rails/application.rb:223:in `call'
  rack (1.4.5) lib/rack/content_length.rb:14:in `call'
  railties (3.2.12) lib/rails/rack/log_tailer.rb:17:in `call'
  rack (1.4.5) lib/rack/handler/webrick.rb:59:in `service'
  /Users/apprentice/.rvm/rubies/ruby-1.9.3-p374/lib/ruby/1.9.1/webrick/httpserver.rb:138:in `service'
  /Users/apprentice/.rvm/rubies/ruby-1.9.3-p374/lib/ruby/1.9.1/webrick/httpserver.rb:94:in `run'
  /Users/apprentice/.rvm/rubies/ruby-1.9.3-p374/lib/ruby/1.9.1/webrick/server.rb:191:in `block in start_thread'


  Rendered /Users/apprentice/.rvm/gems/ruby-1.9.3-p374/gems/actionpack-3.2.12/lib/action_dispatch/middleware/templates/rescues/routing_error.erb within rescues/layout (9.9ms)


Started GET "/" for 127.0.0.1 at 2013-10-30 12:10:06 -0700

SyntaxError - /Users/apprentice/Documents/interview-overflow/config/routes.rb:3: syntax error, unexpected tSTRING_BEG, expecting keyword_end
  root :to 'questions#index'
            ^:
  activesupport (3.2.12) lib/active_support/dependencies.rb:245:in `'
  activesupport (3.2.12) lib/active_support/dependencies.rb:245:in `load'
  activesupport (3.2.12) lib/active_support/dependencies.rb:245:in `block in load'
  activesupport (3.2.12) lib/active_support/dependencies.rb:236:in `load_dependency'
  activesupport (3.2.12) lib/active_support/dependencies.rb:245:in `load'
  railties (3.2.12) lib/rails/application/routes_reloader.rb:40:in `block in load_paths'
  railties (3.2.12) lib/rails/application/routes_reloader.rb:40:in `each'
  railties (3.2.12) lib/rails/application/routes_reloader.rb:40:in `load_paths'
  railties (3.2.12) lib/rails/application/routes_reloader.rb:16:in `reload!'
  railties (3.2.12) lib/rails/application/routes_reloader.rb:26:in `block in updater'
  activesupport (3.2.12) lib/active_support/file_update_checker.rb:78:in `call'
  activesupport (3.2.12) lib/active_support/file_update_checker.rb:78:in `execute'
  activesupport (3.2.12) lib/active_support/file_update_checker.rb:86:in `execute_if_updated'
  railties (3.2.12) lib/rails/application/routes_reloader.rb:7:in `execute_if_updated'
  railties (3.2.12) lib/rails/application/finisher.rb:68:in `block (2 levels) in <module:Finisher>'
  activesupport (3.2.12) lib/active_support/callbacks.rb:429:in `_run__3023971943606422168__prepare__2151639112319569695__callbacks'
  activesupport (3.2.12) lib/active_support/callbacks.rb:405:in `__run_callback'
  activesupport (3.2.12) lib/active_support/callbacks.rb:385:in `_run_prepare_callbacks'
  activesupport (3.2.12) lib/active_support/callbacks.rb:81:in `run_callbacks'
  actionpack (3.2.12) lib/action_dispatch/middleware/reloader.rb:74:in `prepare!'
  actionpack (3.2.12) lib/action_dispatch/middleware/reloader.rb:64:in `call'
  actionpack (3.2.12) lib/action_dispatch/middleware/remote_ip.rb:31:in `call'
  better_errors (1.0.1) lib/better_errors/middleware.rb:84:in `protected_app_call'
  better_errors (1.0.1) lib/better_errors/middleware.rb:79:in `better_errors_call'
  better_errors (1.0.1) lib/better_errors/middleware.rb:56:in `call'
  actionpack (3.2.12) lib/action_dispatch/middleware/debug_exceptions.rb:16:in `call'
  actionpack (3.2.12) lib/action_dispatch/middleware/show_exceptions.rb:56:in `call'
  railties (3.2.12) lib/rails/rack/logger.rb:32:in `call_app'
  railties (3.2.12) lib/rails/rack/logger.rb:16:in `block in call'
  activesupport (3.2.12) lib/active_support/tagged_logging.rb:22:in `tagged'
  railties (3.2.12) lib/rails/rack/logger.rb:16:in `call'
  actionpack (3.2.12) lib/action_dispatch/middleware/request_id.rb:22:in `call'
  rack (1.4.5) lib/rack/methodoverride.rb:21:in `call'
  rack (1.4.5) lib/rack/runtime.rb:17:in `call'
  activesupport (3.2.12) lib/active_support/cache/strategy/local_cache.rb:72:in `call'
  rack (1.4.5) lib/rack/lock.rb:15:in `call'
  actionpack (3.2.12) lib/action_dispatch/middleware/static.rb:62:in `call'
  railties (3.2.12) lib/rails/engine.rb:479:in `call'
  railties (3.2.12) lib/rails/application.rb:223:in `call'
  rack (1.4.5) lib/rack/content_length.rb:14:in `call'
  railties (3.2.12) lib/rails/rack/log_tailer.rb:17:in `call'
  rack (1.4.5) lib/rack/handler/webrick.rb:59:in `service'
  /Users/apprentice/.rvm/rubies/ruby-1.9.3-p374/lib/ruby/1.9.1/webrick/httpserver.rb:138:in `service'
  /Users/apprentice/.rvm/rubies/ruby-1.9.3-p374/lib/ruby/1.9.1/webrick/httpserver.rb:94:in `run'
  /Users/apprentice/.rvm/rubies/ruby-1.9.3-p374/lib/ruby/1.9.1/webrick/server.rb:191:in `block in start_thread'



Started POST "/__better_errors/70232805988900/variables" for 127.0.0.1 at 2013-10-30 12:10:06 -0700


Started GET "/" for 127.0.0.1 at 2013-10-30 12:11:37 -0700
Processing by QuestionsController#index as HTML
  Rendered questions/index.html.erb within layouts/application (0.3ms)
Compiled application.css  (1ms)  (pid 24454)
Compiled jquery.js  (3ms)  (pid 24454)
Compiled jquery_ujs.js  (0ms)  (pid 24454)
Compiled application.js  (113ms)  (pid 24454)
Completed 200 OK in 172ms (Views: 171.2ms | ActiveRecord: 0.0ms)


Started GET "/assets/application.css?body=1" for 127.0.0.1 at 2013-10-30 12:11:37 -0700
Served asset /application.css - 304 Not Modified (2ms)


Started GET "/assets/jquery_ujs.js?body=1" for 127.0.0.1 at 2013-10-30 12:11:37 -0700
Served asset /jquery_ujs.js - 304 Not Modified (1ms)


Started GET "/assets/jquery.js?body=1" for 127.0.0.1 at 2013-10-30 12:11:37 -0700
Served asset /jquery.js - 304 Not Modified (2ms)


Started GET "/assets/application.js?body=1" for 127.0.0.1 at 2013-10-30 12:11:37 -0700
Served asset /application.js - 304 Not Modified (3ms)


Started GET "/" for 127.0.0.1 at 2013-10-30 12:32:01 -0700
Processing by QuestionsController#index as HTML
  Rendered questions/index.html.erb within layouts/application (51.5ms)
Completed 200 OK in 55ms (Views: 54.8ms | ActiveRecord: 0.0ms)


Started GET "/assets/application.css?body=1" for 127.0.0.1 at 2013-10-30 12:32:01 -0700
Served asset /application.css - 304 Not Modified (0ms)


Started GET "/assets/jquery.js?body=1" for 127.0.0.1 at 2013-10-30 12:32:01 -0700
Served asset /jquery.js - 304 Not Modified (0ms)


Started GET "/assets/jquery_ujs.js?body=1" for 127.0.0.1 at 2013-10-30 12:32:01 -0700
Served asset /jquery_ujs.js - 304 Not Modified (0ms)


Started GET "/assets/application.js?body=1" for 127.0.0.1 at 2013-10-30 12:32:01 -0700
Served asset /application.js - 304 Not Modified (0ms)


Started GET "/" for 127.0.0.1 at 2013-10-30 12:32:17 -0700
Processing by QuestionsController#index as HTML
  Rendered questions/index.html.erb within layouts/application (2.4ms)
Completed 200 OK in 6ms (Views: 5.8ms | ActiveRecord: 0.0ms)


Started GET "/assets/jquery.js?body=1" for 127.0.0.1 at 2013-10-30 12:32:17 -0700
Served asset /jquery.js - 304 Not Modified (0ms)


Started GET "/assets/application.js?body=1" for 127.0.0.1 at 2013-10-30 12:32:17 -0700
Served asset /application.js - 304 Not Modified (0ms)


Started GET "/assets/jquery_ujs.js?body=1" for 127.0.0.1 at 2013-10-30 12:32:17 -0700
Served asset /jquery_ujs.js - 304 Not Modified (0ms)


Started GET "/assets/application.css?body=1" for 127.0.0.1 at 2013-10-30 12:32:17 -0700
Served asset /application.css - 304 Not Modified (0ms)


Started GET "/" for 127.0.0.1 at 2013-10-30 12:32:23 -0700
Processing by QuestionsController#index as HTML
  Rendered questions/index.html.erb within layouts/application (1.3ms)
Completed 200 OK in 4ms (Views: 3.8ms | ActiveRecord: 0.0ms)


Started GET "/assets/jquery.js?body=1" for 127.0.0.1 at 2013-10-30 12:32:23 -0700
Served asset /jquery.js - 304 Not Modified (0ms)


Started GET "/assets/application.js?body=1" for 127.0.0.1 at 2013-10-30 12:32:23 -0700
Served asset /application.js - 304 Not Modified (0ms)


Started GET "/assets/jquery_ujs.js?body=1" for 127.0.0.1 at 2013-10-30 12:32:23 -0700
Served asset /jquery_ujs.js - 304 Not Modified (0ms)


Started GET "/assets/application.css?body=1" for 127.0.0.1 at 2013-10-30 12:32:23 -0700
Served asset /application.css - 304 Not Modified (0ms)


Started GET "/" for 127.0.0.1 at 2013-10-30 12:33:38 -0700
Processing by QuestionsController#index as HTML
  Rendered questions/index.html.erb within layouts/application (1.4ms)
Completed 200 OK in 4ms (Views: 4.1ms | ActiveRecord: 0.0ms)


Started GET "/assets/application.css?body=1" for 127.0.0.1 at 2013-10-30 12:33:38 -0700
Served asset /application.css - 304 Not Modified (0ms)


Started GET "/assets/jquery_ujs.js?body=1" for 127.0.0.1 at 2013-10-30 12:33:38 -0700
Served asset /jquery_ujs.js - 304 Not Modified (0ms)


Started GET "/assets/application.js?body=1" for 127.0.0.1 at 2013-10-30 12:33:38 -0700
Served asset /application.js - 304 Not Modified (0ms)


Started GET "/assets/jquery.js?body=1" for 127.0.0.1 at 2013-10-30 12:33:38 -0700
Served asset /jquery.js - 304 Not Modified (0ms)


Started GET "/" for 127.0.0.1 at 2013-10-30 12:34:22 -0700
Processing by QuestionsController#index as HTML
  Rendered questions/index.html.erb within layouts/application (1.7ms)
Completed 200 OK in 5ms (Views: 4.5ms | ActiveRecord: 0.0ms)


Started GET "/assets/jquery.js?body=1" for 127.0.0.1 at 2013-10-30 12:34:22 -0700
Served asset /jquery.js - 304 Not Modified (0ms)


Started GET "/assets/application.css?body=1" for 127.0.0.1 at 2013-10-30 12:34:22 -0700
Served asset /application.css - 304 Not Modified (0ms)


Started GET "/assets/jquery_ujs.js?body=1" for 127.0.0.1 at 2013-10-30 12:34:22 -0700
Served asset /jquery_ujs.js - 304 Not Modified (0ms)


Started GET "/assets/application.js?body=1" for 127.0.0.1 at 2013-10-30 12:34:22 -0700
Served asset /application.js - 304 Not Modified (0ms)


Started GET "/" for 127.0.0.1 at 2013-10-30 12:35:11 -0700
Processing by QuestionsController#index as HTML
  Rendered questions/index.html.erb within layouts/application (2.6ms)
Completed 200 OK in 6ms (Views: 5.9ms | ActiveRecord: 0.0ms)


Started GET "/assets/application.css?body=1" for 127.0.0.1 at 2013-10-30 12:35:11 -0700
Served asset /application.css - 304 Not Modified (0ms)


Started GET "/assets/application.js?body=1" for 127.0.0.1 at 2013-10-30 12:35:11 -0700
Served asset /application.js - 304 Not Modified (0ms)


Started GET "/assets/jquery_ujs.js?body=1" for 127.0.0.1 at 2013-10-30 12:35:11 -0700
Served asset /jquery_ujs.js - 304 Not Modified (0ms)


Started GET "/assets/jquery.js?body=1" for 127.0.0.1 at 2013-10-30 12:35:11 -0700
Served asset /jquery.js - 304 Not Modified (0ms)


Started GET "/" for 127.0.0.1 at 2013-10-30 12:35:31 -0700
Processing by QuestionsController#index as HTML
  Rendered questions/index.html.erb within layouts/application (1.6ms)
Completed 200 OK in 5ms (Views: 4.6ms | ActiveRecord: 0.0ms)


Started GET "/assets/application.css?body=1" for 127.0.0.1 at 2013-10-30 12:35:31 -0700
Served asset /application.css - 304 Not Modified (0ms)


Started GET "/assets/jquery.js?body=1" for 127.0.0.1 at 2013-10-30 12:35:31 -0700
Served asset /jquery.js - 304 Not Modified (0ms)


Started GET "/assets/application.js?body=1" for 127.0.0.1 at 2013-10-30 12:35:31 -0700
Served asset /application.js - 304 Not Modified (0ms)


Started GET "/assets/jquery_ujs.js?body=1" for 127.0.0.1 at 2013-10-30 12:35:31 -0700
Served asset /jquery_ujs.js - 304 Not Modified (0ms)
Connecting to database specified by database.yml
  [1m[36m (9.7ms)[0m  [1mSELECT "schema_migrations"."version" FROM "schema_migrations" [0m
Migrating to CreateQuestions (20131030181450)
  [1m[35m (0.3ms)[0m  SELECT "schema_migrations"."version" FROM "schema_migrations" 
Connecting to database specified by database.yml
  [1m[36m (0.3ms)[0m  [1mSELECT "schema_migrations"."version" FROM "schema_migrations" [0m
  [1m[35m (149.2ms)[0m  DROP DATABASE IF EXISTS "interview-overflow_test"
  [1m[36m (1383.8ms)[0m  [1mCREATE DATABASE "interview-overflow_test" ENCODING = 'unicode'[0m
  [1m[35m (9.1ms)[0m  CREATE TABLE "questions" ("id" serial primary key, "title" character varying(255), "description" character varying(255), "created_at" timestamp NOT NULL, "updated_at" timestamp NOT NULL) 
  [1m[36m (1.2ms)[0m  [1mCREATE TABLE "schema_migrations" ("version" character varying(255) NOT NULL) [0m
  [1m[35m (1.3ms)[0m  CREATE UNIQUE INDEX "unique_schema_migrations" ON "schema_migrations" ("version")
  [1m[36m (0.4ms)[0m  [1mSELECT version FROM "schema_migrations"[0m
  [1m[35m (0.8ms)[0m  INSERT INTO "schema_migrations" (version) VALUES ('20131030181450')


Started GET "/" for 127.0.0.1 at 2013-10-30 16:13:03 -0700
Processing by QuestionsController#index as HTML
  Rendered questions/index.html.erb within layouts/application (0.9ms)
Completed 200 OK in 4ms (Views: 3.8ms | ActiveRecord: 0.0ms)


Started GET "/assets/jquery.js?body=1" for 127.0.0.1 at 2013-10-30 16:13:03 -0700
Served asset /jquery.js - 304 Not Modified (0ms)


Started GET "/assets/jquery_ujs.js?body=1" for 127.0.0.1 at 2013-10-30 16:13:03 -0700
Served asset /jquery_ujs.js - 304 Not Modified (0ms)


Started GET "/assets/application.js?body=1" for 127.0.0.1 at 2013-10-30 16:13:03 -0700
Served asset /application.js - 304 Not Modified (0ms)


Started GET "/assets/application.css?body=1" for 127.0.0.1 at 2013-10-30 16:13:03 -0700
Served asset /application.css - 304 Not Modified (0ms)


Started GET "/" for 127.0.0.1 at 2013-10-30 16:13:20 -0700
Processing by QuestionsController#index as HTML
  Rendered questions/index.html.erb within layouts/application (1.6ms)
Completed 200 OK in 5ms (Views: 4.4ms | ActiveRecord: 0.0ms)


Started GET "/assets/application.css?body=1" for 127.0.0.1 at 2013-10-30 16:13:20 -0700
Served asset /application.css - 304 Not Modified (0ms)


Started GET "/assets/jquery_ujs.js?body=1" for 127.0.0.1 at 2013-10-30 16:13:20 -0700
Served asset /jquery_ujs.js - 304 Not Modified (0ms)


Started GET "/assets/application.js?body=1" for 127.0.0.1 at 2013-10-30 16:13:20 -0700
Served asset /application.js - 304 Not Modified (0ms)


Started GET "/assets/jquery.js?body=1" for 127.0.0.1 at 2013-10-30 16:13:20 -0700
Served asset /jquery.js - 304 Not Modified (0ms)


Started GET "/" for 127.0.0.1 at 2013-10-30 16:13:59 -0700
Processing by QuestionsController#index as HTML
  Rendered questions/index.html.erb within layouts/application (1.4ms)
Completed 200 OK in 5ms (Views: 4.9ms | ActiveRecord: 0.0ms)


Started GET "/assets/application.css?body=1" for 127.0.0.1 at 2013-10-30 16:13:59 -0700
Served asset /application.css - 304 Not Modified (0ms)


Started GET "/assets/jquery_ujs.js?body=1" for 127.0.0.1 at 2013-10-30 16:13:59 -0700
Served asset /jquery_ujs.js - 304 Not Modified (0ms)


Started GET "/assets/jquery.js?body=1" for 127.0.0.1 at 2013-10-30 16:13:59 -0700
Served asset /jquery.js - 304 Not Modified (0ms)


Started GET "/assets/application.js?body=1" for 127.0.0.1 at 2013-10-30 16:13:59 -0700
Served asset /application.js - 304 Not Modified (0ms)


Started POST "/" for 127.0.0.1 at 2013-10-30 16:16:57 -0700
Processing by QuestionsController#index as HTML
  Parameters: {"utf8"=>"✓", "authenticity_token"=>"PM9AGUB7j9G2zueKHujsuZIps9xf521yaAiS9i0uclw=", "question"=>{"title"=>"", "description"=>""}, "commit"=>"Submit Question"}
  Rendered questions/index.html.erb within layouts/application (0.9ms)
Completed 200 OK in 4ms (Views: 3.7ms | ActiveRecord: 0.0ms)


Started GET "/assets/application.css?body=1" for 127.0.0.1 at 2013-10-30 16:16:57 -0700
Served asset /application.css - 304 Not Modified (0ms)


Started GET "/assets/jquery.js?body=1" for 127.0.0.1 at 2013-10-30 16:16:57 -0700
Served asset /jquery.js - 304 Not Modified (0ms)


Started GET "/assets/application.js?body=1" for 127.0.0.1 at 2013-10-30 16:16:57 -0700
Served asset /application.js - 304 Not Modified (0ms)


Started GET "/assets/jquery_ujs.js?body=1" for 127.0.0.1 at 2013-10-30 16:16:57 -0700
Served asset /jquery_ujs.js - 304 Not Modified (0ms)


Started POST "/" for 127.0.0.1 at 2013-10-30 16:17:01 -0700
Processing by QuestionsController#index as HTML
  Parameters: {"utf8"=>"✓", "authenticity_token"=>"PM9AGUB7j9G2zueKHujsuZIps9xf521yaAiS9i0uclw=", "question"=>{"title"=>"", "description"=>""}, "commit"=>"Submit Question"}
  Rendered questions/index.html.erb within layouts/application (0.7ms)
Completed 200 OK in 4ms (Views: 3.5ms | ActiveRecord: 0.0ms)


Started GET "/assets/application.css?body=1" for 127.0.0.1 at 2013-10-30 16:17:01 -0700
Served asset /application.css - 304 Not Modified (0ms)


Started GET "/assets/jquery.js?body=1" for 127.0.0.1 at 2013-10-30 16:17:01 -0700
Served asset /jquery.js - 304 Not Modified (0ms)


Started GET "/assets/application.js?body=1" for 127.0.0.1 at 2013-10-30 16:17:01 -0700
Served asset /application.js - 304 Not Modified (0ms)


Started GET "/assets/jquery_ujs.js?body=1" for 127.0.0.1 at 2013-10-30 16:17:01 -0700
Served asset /jquery_ujs.js - 304 Not Modified (0ms)


Started POST "/" for 127.0.0.1 at 2013-10-30 16:19:23 -0700
Processing by QuestionsController#index as HTML
  Parameters: {"utf8"=>"✓", "authenticity_token"=>"PM9AGUB7j9G2zueKHujsuZIps9xf521yaAiS9i0uclw=", "question"=>{"title"=>"Hello", "description"=>"This is my question\r\n"}, "commit"=>"Submit Question"}
  Rendered questions/index.html.erb within layouts/application (1.0ms)
Completed 200 OK in 5ms (Views: 4.7ms | ActiveRecord: 0.0ms)


Started GET "/assets/application.css?body=1" for 127.0.0.1 at 2013-10-30 16:19:23 -0700
Served asset /application.css - 304 Not Modified (0ms)


Started GET "/assets/jquery.js?body=1" for 127.0.0.1 at 2013-10-30 16:19:23 -0700
Served asset /jquery.js - 304 Not Modified (0ms)


Started GET "/assets/jquery_ujs.js?body=1" for 127.0.0.1 at 2013-10-30 16:19:23 -0700
Served asset /jquery_ujs.js - 304 Not Modified (0ms)


Started GET "/assets/application.js?body=1" for 127.0.0.1 at 2013-10-30 16:19:23 -0700
Served asset /application.js - 304 Not Modified (0ms)


Started POST "/" for 127.0.0.1 at 2013-10-30 16:21:54 -0700
Processing by QuestionsController#index as HTML
  Parameters: {"utf8"=>"✓", "authenticity_token"=>"PM9AGUB7j9G2zueKHujsuZIps9xf521yaAiS9i0uclw=", "question"=>{"title"=>"hello", "description"=>"testing"}, "commit"=>"Submit Question"}
  Rendered questions/index.html.erb within layouts/application (2.6ms)
Completed 200 OK in 7ms (Views: 6.9ms | ActiveRecord: 0.0ms)


Started GET "/assets/application.css?body=1" for 127.0.0.1 at 2013-10-30 16:21:54 -0700
Served asset /application.css - 304 Not Modified (0ms)


Started GET "/assets/jquery.js?body=1" for 127.0.0.1 at 2013-10-30 16:21:54 -0700
Served asset /jquery.js - 304 Not Modified (0ms)


Started GET "/assets/application.js?body=1" for 127.0.0.1 at 2013-10-30 16:21:54 -0700
Served asset /application.js - 304 Not Modified (0ms)


Started GET "/assets/jquery_ujs.js?body=1" for 127.0.0.1 at 2013-10-30 16:21:54 -0700
Served asset /jquery_ujs.js - 304 Not Modified (0ms)
Connecting to database specified by database.yml


Started POST "/" for 127.0.0.1 at 2013-10-30 16:24:01 -0700
Processing by QuestionsController#index as HTML
  Parameters: {"utf8"=>"✓", "authenticity_token"=>"PM9AGUB7j9G2zueKHujsuZIps9xf521yaAiS9i0uclw=", "/questions"=>{"title"=>"asdasd", "description"=>"asdasdasd"}, "commit"=>"Submit Question"}
ERROR: compiling _app_views_questions_index_html_erb__775877444589763573_70232831795660 RAISED /Users/apprentice/Documents/interview-overflow/app/views/questions/index.html.erb:3: syntax error, unexpected tIDENTIFIER, expecting keyword_end
...append=  form_for :question url:questions_path  do |f| @outp...
...                               ^
Function body:           def _app_views_questions_index_html_erb__775877444589763573_70232831795660(local_assigns, output_buffer)
            _old_virtual_path, @virtual_path = @virtual_path, "questions/index";_old_output_buffer = @output_buffer;;@output_buffer = output_buffer || ActionView::OutputBuffer.new;@output_buffer.safe_concat('<h1>Interview Overflow</h1>

');@output_buffer.append=  form_for :question url:questions_path  do |f| @output_buffer.safe_concat('
');@output_buffer.safe_concat('  ');@output_buffer.append= ( f.text_field :title, placeholder: "Question");@output_buffer.safe_concat('
');@output_buffer.safe_concat('  <br />
  ');@output_buffer.append= ( f.text_area :description, placeholder: "Question Details" );@output_buffer.safe_concat('
');@output_buffer.safe_concat('  <br />
  ');@output_buffer.append= ( f.submit "Submit Question");@output_buffer.safe_concat('
'); end 
@output_buffer.to_s
          ensure
            @virtual_path, @output_buffer = _old_virtual_path, _old_output_buffer
          end

Backtrace: /Users/apprentice/.rvm/gems/ruby-1.9.3-p374/gems/actionpack-3.2.12/lib/action_view/template.rb:297:in `module_eval'
/Users/apprentice/.rvm/gems/ruby-1.9.3-p374/gems/actionpack-3.2.12/lib/action_view/template.rb:297:in `compile'
/Users/apprentice/.rvm/gems/ruby-1.9.3-p374/gems/actionpack-3.2.12/lib/action_view/template.rb:244:in `block in compile!'
<internal:prelude>:10:in `synchronize'
/Users/apprentice/.rvm/gems/ruby-1.9.3-p374/gems/actionpack-3.2.12/lib/action_view/template.rb:232:in `compile!'
/Users/apprentice/.rvm/gems/ruby-1.9.3-p374/gems/actionpack-3.2.12/lib/action_view/template.rb:144:in `block in render'
/Users/apprentice/.rvm/gems/ruby-1.9.3-p374/gems/activesupport-3.2.12/lib/active_support/notifications.rb:125:in `instrument'
/Users/apprentice/.rvm/gems/ruby-1.9.3-p374/gems/actionpack-3.2.12/lib/action_view/template.rb:143:in `render'
/Users/apprentice/.rvm/gems/ruby-1.9.3-p374/gems/actionpack-3.2.12/lib/action_view/renderer/template_renderer.rb:47:in `block (2 levels) in render_template'
/Users/apprentice/.rvm/gems/ruby-1.9.3-p374/gems/actionpack-3.2.12/lib/action_view/renderer/abstract_renderer.rb:38:in `block in instrument'
/Users/apprentice/.rvm/gems/ruby-1.9.3-p374/gems/activesupport-3.2.12/lib/active_support/notifications.rb:123:in `block in instrument'
/Users/apprentice/.rvm/gems/ruby-1.9.3-p374/gems/activesupport-3.2.12/lib/active_support/notifications/instrumenter.rb:20:in `instrument'
/Users/apprentice/.rvm/gems/ruby-1.9.3-p374/gems/activesupport-3.2.12/lib/active_support/notifications.rb:123:in `instrument'
/Users/apprentice/.rvm/gems/ruby-1.9.3-p374/gems/actionpack-3.2.12/lib/action_view/renderer/abstract_renderer.rb:38:in `instrument'
/Users/apprentice/.rvm/gems/ruby-1.9.3-p374/gems/actionpack-3.2.12/lib/action_view/renderer/template_renderer.rb:46:in `block in render_template'
/Users/apprentice/.rvm/gems/ruby-1.9.3-p374/gems/actionpack-3.2.12/lib/action_view/renderer/template_renderer.rb:54:in `render_with_layout'
/Users/apprentice/.rvm/gems/ruby-1.9.3-p374/gems/actionpack-3.2.12/lib/action_view/renderer/template_renderer.rb:45:in `render_template'
/Users/apprentice/.rvm/gems/ruby-1.9.3-p374/gems/actionpack-3.2.12/lib/action_view/renderer/template_renderer.rb:18:in `render'
/Users/apprentice/.rvm/gems/ruby-1.9.3-p374/gems/actionpack-3.2.12/lib/action_view/renderer/renderer.rb:36:in `render_template'
/Users/apprentice/.rvm/gems/ruby-1.9.3-p374/gems/actionpack-3.2.12/lib/action_view/renderer/renderer.rb:17:in `render'
/Users/apprentice/.rvm/gems/ruby-1.9.3-p374/gems/actionpack-3.2.12/lib/abstract_controller/rendering.rb:110:in `_render_template'
/Users/apprentice/.rvm/gems/ruby-1.9.3-p374/gems/actionpack-3.2.12/lib/action_controller/metal/streaming.rb:225:in `_render_template'
/Users/apprentice/.rvm/gems/ruby-1.9.3-p374/gems/actionpack-3.2.12/lib/abstract_controller/rendering.rb:103:in `render_to_body'
/Users/apprentice/.rvm/gems/ruby-1.9.3-p374/gems/actionpack-3.2.12/lib/action_controller/metal/renderers.rb:28:in `render_to_body'
/Users/apprentice/.rvm/gems/ruby-1.9.3-p374/gems/actionpack-3.2.12/lib/action_controller/metal/compatibility.rb:50:in `render_to_body'
/Users/apprentice/.rvm/gems/ruby-1.9.3-p374/gems/actionpack-3.2.12/lib/abstract_controller/rendering.rb:88:in `render'
/Users/apprentice/.rvm/gems/ruby-1.9.3-p374/gems/actionpack-3.2.12/lib/action_controller/metal/rendering.rb:16:in `render'
/Users/apprentice/.rvm/gems/ruby-1.9.3-p374/gems/actionpack-3.2.12/lib/action_controller/metal/instrumentation.rb:40:in `block (2 levels) in render'
/Users/apprentice/.rvm/gems/ruby-1.9.3-p374/gems/activesupport-3.2.12/lib/active_support/core_ext/benchmark.rb:5:in `block in ms'
/Users/apprentice/.rvm/rubies/ruby-1.9.3-p374/lib/ruby/1.9.1/benchmark.rb:295:in `realtime'
/Users/apprentice/.rvm/gems/ruby-1.9.3-p374/gems/activesupport-3.2.12/lib/active_support/core_ext/benchmark.rb:5:in `ms'
/Users/apprentice/.rvm/gems/ruby-1.9.3-p374/gems/actionpack-3.2.12/lib/action_controller/metal/instrumentation.rb:40:in `block in render'
/Users/apprentice/.rvm/gems/ruby-1.9.3-p374/gems/actionpack-3.2.12/lib/action_controller/metal/instrumentation.rb:83:in `cleanup_view_runtime'
/Users/apprentice/.rvm/gems/ruby-1.9.3-p374/gems/activerecord-3.2.12/lib/active_record/railties/controller_runtime.rb:24:in `cleanup_view_runtime'
/Users/apprentice/.rvm/gems/ruby-1.9.3-p374/gems/actionpack-3.2.12/lib/action_controller/metal/instrumentation.rb:39:in `render'
/Users/apprentice/.rvm/gems/ruby-1.9.3-p374/gems/actionpack-3.2.12/lib/action_controller/metal/implicit_render.rb:10:in `default_render'
/Users/apprentice/.rvm/gems/ruby-1.9.3-p374/gems/actionpack-3.2.12/lib/action_controller/metal/implicit_render.rb:5:in `send_action'
/Users/apprentice/.rvm/gems/ruby-1.9.3-p374/gems/actionpack-3.2.12/lib/abstract_controller/base.rb:167:in `process_action'
/Users/apprentice/.rvm/gems/ruby-1.9.3-p374/gems/actionpack-3.2.12/lib/action_controller/metal/rendering.rb:10:in `process_action'
/Users/apprentice/.rvm/gems/ruby-1.9.3-p374/gems/actionpack-3.2.12/lib/abstract_controller/callbacks.rb:18:in `block in process_action'
/Users/apprentice/.rvm/gems/ruby-1.9.3-p374/gems/activesupport-3.2.12/lib/active_support/callbacks.rb:414:in `_run__4598385983997812579__process_action__1376015266194218704__callbacks'
/Users/apprentice/.rvm/gems/ruby-1.9.3-p374/gems/activesupport-3.2.12/lib/active_support/callbacks.rb:405:in `__run_callback'
/Users/apprentice/.rvm/gems/ruby-1.9.3-p374/gems/activesupport-3.2.12/lib/active_support/callbacks.rb:385:in `_run_process_action_callbacks'
/Users/apprentice/.rvm/gems/ruby-1.9.3-p374/gems/activesupport-3.2.12/lib/active_support/callbacks.rb:81:in `run_callbacks'
/Users/apprentice/.rvm/gems/ruby-1.9.3-p374/gems/actionpack-3.2.12/lib/abstract_controller/callbacks.rb:17:in `process_action'
/Users/apprentice/.rvm/gems/ruby-1.9.3-p374/gems/actionpack-3.2.12/lib/action_controller/metal/rescue.rb:29:in `process_action'
/Users/apprentice/.rvm/gems/ruby-1.9.3-p374/gems/actionpack-3.2.12/lib/action_controller/metal/instrumentation.rb:30:in `block in process_action'
/Users/apprentice/.rvm/gems/ruby-1.9.3-p374/gems/activesupport-3.2.12/lib/active_support/notifications.rb:123:in `block in instrument'
/Users/apprentice/.rvm/gems/ruby-1.9.3-p374/gems/activesupport-3.2.12/lib/active_support/notifications/instrumenter.rb:20:in `instrument'
/Users/apprentice/.rvm/gems/ruby-1.9.3-p374/gems/activesupport-3.2.12/lib/active_support/notifications.rb:123:in `instrument'
/Users/apprentice/.rvm/gems/ruby-1.9.3-p374/gems/actionpack-3.2.12/lib/action_controller/metal/instrumentation.rb:29:in `process_action'
/Users/apprentice/.rvm/gems/ruby-1.9.3-p374/gems/actionpack-3.2.12/lib/action_controller/metal/params_wrapper.rb:207:in `process_action'
/Users/apprentice/.rvm/gems/ruby-1.9.3-p374/gems/activerecord-3.2.12/lib/active_record/railties/controller_runtime.rb:18:in `process_action'
/Users/apprentice/.rvm/gems/ruby-1.9.3-p374/gems/actionpack-3.2.12/lib/abstract_controller/base.rb:121:in `process'
/Users/apprentice/.rvm/gems/ruby-1.9.3-p374/gems/actionpack-3.2.12/lib/abstract_controller/rendering.rb:45:in `process'
/Users/apprentice/.rvm/gems/ruby-1.9.3-p374/gems/actionpack-3.2.12/lib/action_controller/metal.rb:203:in `dispatch'
/Users/apprentice/.rvm/gems/ruby-1.9.3-p374/gems/actionpack-3.2.12/lib/action_controller/metal/rack_delegation.rb:14:in `dispatch'
/Users/apprentice/.rvm/gems/ruby-1.9.3-p374/gems/actionpack-3.2.12/lib/action_controller/metal.rb:246:in `block in action'
/Users/apprentice/.rvm/gems/ruby-1.9.3-p374/gems/actionpack-3.2.12/lib/action_dispatch/routing/route_set.rb:73:in `call'
/Users/apprentice/.rvm/gems/ruby-1.9.3-p374/gems/actionpack-3.2.12/lib/action_dispatch/routing/route_set.rb:73:in `dispatch'
/Users/apprentice/.rvm/gems/ruby-1.9.3-p374/gems/actionpack-3.2.12/lib/action_dispatch/routing/route_set.rb:36:in `call'
/Users/apprentice/.rvm/gems/ruby-1.9.3-p374/gems/journey-1.0.4/lib/journey/router.rb:68:in `block in call'
/Users/apprentice/.rvm/gems/ruby-1.9.3-p374/gems/journey-1.0.4/lib/journey/router.rb:56:in `each'
/Users/apprentice/.rvm/gems/ruby-1.9.3-p374/gems/journey-1.0.4/lib/journey/router.rb:56:in `call'
/Users/apprentice/.rvm/gems/ruby-1.9.3-p374/gems/actionpack-3.2.12/lib/action_dispatch/routing/route_set.rb:601:in `call'
/Users/apprentice/.rvm/gems/ruby-1.9.3-p374/gems/actionpack-3.2.12/lib/action_dispatch/middleware/best_standards_support.rb:17:in `call'
/Users/apprentice/.rvm/gems/ruby-1.9.3-p374/gems/rack-1.4.5/lib/rack/etag.rb:23:in `call'
/Users/apprentice/.rvm/gems/ruby-1.9.3-p374/gems/rack-1.4.5/lib/rack/conditionalget.rb:35:in `call'
/Users/apprentice/.rvm/gems/ruby-1.9.3-p374/gems/actionpack-3.2.12/lib/action_dispatch/middleware/head.rb:14:in `call'
/Users/apprentice/.rvm/gems/ruby-1.9.3-p374/gems/actionpack-3.2.12/lib/action_dispatch/middleware/params_parser.rb:21:in `call'
/Users/apprentice/.rvm/gems/ruby-1.9.3-p374/gems/actionpack-3.2.12/lib/action_dispatch/middleware/flash.rb:242:in `call'
/Users/apprentice/.rvm/gems/ruby-1.9.3-p374/gems/rack-1.4.5/lib/rack/session/abstract/id.rb:210:in `context'
/Users/apprentice/.rvm/gems/ruby-1.9.3-p374/gems/rack-1.4.5/lib/rack/session/abstract/id.rb:205:in `call'
/Users/apprentice/.rvm/gems/ruby-1.9.3-p374/gems/actionpack-3.2.12/lib/action_dispatch/middleware/cookies.rb:341:in `call'
/Users/apprentice/.rvm/gems/ruby-1.9.3-p374/gems/activerecord-3.2.12/lib/active_record/query_cache.rb:64:in `call'
/Users/apprentice/.rvm/gems/ruby-1.9.3-p374/gems/activerecord-3.2.12/lib/active_record/connection_adapters/abstract/connection_pool.rb:479:in `call'
/Users/apprentice/.rvm/gems/ruby-1.9.3-p374/gems/actionpack-3.2.12/lib/action_dispatch/middleware/callbacks.rb:28:in `block in call'
/Users/apprentice/.rvm/gems/ruby-1.9.3-p374/gems/activesupport-3.2.12/lib/active_support/callbacks.rb:405:in `_run__3071395337314955673__call__2151639112319569695__callbacks'
/Users/apprentice/.rvm/gems/ruby-1.9.3-p374/gems/activesupport-3.2.12/lib/active_support/callbacks.rb:405:in `__run_callback'
/Users/apprentice/.rvm/gems/ruby-1.9.3-p374/gems/activesupport-3.2.12/lib/active_support/callbacks.rb:385:in `_run_call_callbacks'
/Users/apprentice/.rvm/gems/ruby-1.9.3-p374/gems/activesupport-3.2.12/lib/active_support/callbacks.rb:81:in `run_callbacks'
/Users/apprentice/.rvm/gems/ruby-1.9.3-p374/gems/actionpack-3.2.12/lib/action_dispatch/middleware/callbacks.rb:27:in `call'
/Users/apprentice/.rvm/gems/ruby-1.9.3-p374/gems/actionpack-3.2.12/lib/action_dispatch/middleware/reloader.rb:65:in `call'
/Users/apprentice/.rvm/gems/ruby-1.9.3-p374/gems/actionpack-3.2.12/lib/action_dispatch/middleware/remote_ip.rb:31:in `call'
/Users/apprentice/.rvm/gems/ruby-1.9.3-p374/gems/better_errors-1.0.1/lib/better_errors/middleware.rb:84:in `protected_app_call'
/Users/apprentice/.rvm/gems/ruby-1.9.3-p374/gems/better_errors-1.0.1/lib/better_errors/middleware.rb:79:in `better_errors_call'
/Users/apprentice/.rvm/gems/ruby-1.9.3-p374/gems/better_errors-1.0.1/lib/better_errors/middleware.rb:56:in `call'
/Users/apprentice/.rvm/gems/ruby-1.9.3-p374/gems/actionpack-3.2.12/lib/action_dispatch/middleware/debug_exceptions.rb:16:in `call'
/Users/apprentice/.rvm/gems/ruby-1.9.3-p374/gems/actionpack-3.2.12/lib/action_dispatch/middleware/show_exceptions.rb:56:in `call'
/Users/apprentice/.rvm/gems/ruby-1.9.3-p374/gems/railties-3.2.12/lib/rails/rack/logger.rb:32:in `call_app'
/Users/apprentice/.rvm/gems/ruby-1.9.3-p374/gems/railties-3.2.12/lib/rails/rack/logger.rb:16:in `block in call'
/Users/apprentice/.rvm/gems/ruby-1.9.3-p374/gems/activesupport-3.2.12/lib/active_support/tagged_logging.rb:22:in `tagged'
/Users/apprentice/.rvm/gems/ruby-1.9.3-p374/gems/railties-3.2.12/lib/rails/rack/logger.rb:16:in `call'
/Users/apprentice/.rvm/gems/ruby-1.9.3-p374/gems/actionpack-3.2.12/lib/action_dispatch/middleware/request_id.rb:22:in `call'
/Users/apprentice/.rvm/gems/ruby-1.9.3-p374/gems/rack-1.4.5/lib/rack/methodoverride.rb:21:in `call'
/Users/apprentice/.rvm/gems/ruby-1.9.3-p374/gems/rack-1.4.5/lib/rack/runtime.rb:17:in `call'
/Users/apprentice/.rvm/gems/ruby-1.9.3-p374/gems/activesupport-3.2.12/lib/active_support/cache/strategy/local_cache.rb:72:in `call'
/Users/apprentice/.rvm/gems/ruby-1.9.3-p374/gems/rack-1.4.5/lib/rack/lock.rb:15:in `call'
/Users/apprentice/.rvm/gems/ruby-1.9.3-p374/gems/actionpack-3.2.12/lib/action_dispatch/middleware/static.rb:62:in `call'
/Users/apprentice/.rvm/gems/ruby-1.9.3-p374/gems/railties-3.2.12/lib/rails/engine.rb:479:in `call'
/Users/apprentice/.rvm/gems/ruby-1.9.3-p374/gems/railties-3.2.12/lib/rails/application.rb:223:in `call'
/Users/apprentice/.rvm/gems/ruby-1.9.3-p374/gems/rack-1.4.5/lib/rack/content_length.rb:14:in `call'
/Users/apprentice/.rvm/gems/ruby-1.9.3-p374/gems/railties-3.2.12/lib/rails/rack/log_tailer.rb:17:in `call'
/Users/apprentice/.rvm/gems/ruby-1.9.3-p374/gems/rack-1.4.5/lib/rack/handler/webrick.rb:59:in `service'
/Users/apprentice/.rvm/rubies/ruby-1.9.3-p374/lib/ruby/1.9.1/webrick/httpserver.rb:138:in `service'
/Users/apprentice/.rvm/rubies/ruby-1.9.3-p374/lib/ruby/1.9.1/webrick/httpserver.rb:94:in `run'
/Users/apprentice/.rvm/rubies/ruby-1.9.3-p374/lib/ruby/1.9.1/webrick/server.rb:191:in `block in start_thread'
  Rendered questions/index.html.erb within layouts/application (5.3ms)
Completed 500 Internal Server Error in 8ms

SyntaxError - /Users/apprentice/Documents/interview-overflow/app/views/questions/index.html.erb:3: syntax error, unexpected tIDENTIFIER, expecting keyword_end
...append=  form_for :question url:questions_path  do |f| @outp...
...                               ^:
  actionpack (3.2.12) lib/action_view/template.rb:297:in `'
  actionpack (3.2.12) lib/action_view/template.rb:297:in `module_eval'
  actionpack (3.2.12) lib/action_view/template.rb:297:in `compile'
  actionpack (3.2.12) lib/action_view/template.rb:244:in `block in compile!'
  <internal:prelude>:10:in `synchronize'
  actionpack (3.2.12) lib/action_view/template.rb:232:in `compile!'
  actionpack (3.2.12) lib/action_view/template.rb:144:in `block in render'
  activesupport (3.2.12) lib/active_support/notifications.rb:125:in `instrument'
  actionpack (3.2.12) lib/action_view/template.rb:143:in `render'
  actionpack (3.2.12) lib/action_view/renderer/template_renderer.rb:47:in `block (2 levels) in render_template'
  actionpack (3.2.12) lib/action_view/renderer/abstract_renderer.rb:38:in `block in instrument'
  activesupport (3.2.12) lib/active_support/notifications.rb:123:in `block in instrument'
  activesupport (3.2.12) lib/active_support/notifications/instrumenter.rb:20:in `instrument'
  activesupport (3.2.12) lib/active_support/notifications.rb:123:in `instrument'
  actionpack (3.2.12) lib/action_view/renderer/abstract_renderer.rb:38:in `instrument'
  actionpack (3.2.12) lib/action_view/renderer/template_renderer.rb:46:in `block in render_template'
  actionpack (3.2.12) lib/action_view/renderer/template_renderer.rb:54:in `render_with_layout'
  actionpack (3.2.12) lib/action_view/renderer/template_renderer.rb:45:in `render_template'
  actionpack (3.2.12) lib/action_view/renderer/template_renderer.rb:18:in `render'
  actionpack (3.2.12) lib/action_view/renderer/renderer.rb:36:in `render_template'
  actionpack (3.2.12) lib/action_view/renderer/renderer.rb:17:in `render'
  actionpack (3.2.12) lib/abstract_controller/rendering.rb:110:in `_render_template'
  actionpack (3.2.12) lib/action_controller/metal/streaming.rb:225:in `_render_template'
  actionpack (3.2.12) lib/abstract_controller/rendering.rb:103:in `render_to_body'
  actionpack (3.2.12) lib/action_controller/metal/renderers.rb:28:in `render_to_body'
  actionpack (3.2.12) lib/action_controller/metal/compatibility.rb:50:in `render_to_body'
  actionpack (3.2.12) lib/abstract_controller/rendering.rb:88:in `render'
  actionpack (3.2.12) lib/action_controller/metal/rendering.rb:16:in `render'
  actionpack (3.2.12) lib/action_controller/metal/instrumentation.rb:40:in `block (2 levels) in render'
  activesupport (3.2.12) lib/active_support/core_ext/benchmark.rb:5:in `block in ms'
  /Users/apprentice/.rvm/rubies/ruby-1.9.3-p374/lib/ruby/1.9.1/benchmark.rb:295:in `realtime'
  activesupport (3.2.12) lib/active_support/core_ext/benchmark.rb:5:in `ms'
  actionpack (3.2.12) lib/action_controller/metal/instrumentation.rb:40:in `block in render'
  actionpack (3.2.12) lib/action_controller/metal/instrumentation.rb:83:in `cleanup_view_runtime'
  activerecord (3.2.12) lib/active_record/railties/controller_runtime.rb:24:in `cleanup_view_runtime'
  actionpack (3.2.12) lib/action_controller/metal/instrumentation.rb:39:in `render'
  actionpack (3.2.12) lib/action_controller/metal/implicit_render.rb:10:in `default_render'
  actionpack (3.2.12) lib/action_controller/metal/implicit_render.rb:5:in `send_action'
  actionpack (3.2.12) lib/abstract_controller/base.rb:167:in `process_action'
  actionpack (3.2.12) lib/action_controller/metal/rendering.rb:10:in `process_action'
  actionpack (3.2.12) lib/abstract_controller/callbacks.rb:18:in `block in process_action'
  activesupport (3.2.12) lib/active_support/callbacks.rb:414:in `_run__4598385983997812579__process_action__1376015266194218704__callbacks'
  activesupport (3.2.12) lib/active_support/callbacks.rb:405:in `__run_callback'
  activesupport (3.2.12) lib/active_support/callbacks.rb:385:in `_run_process_action_callbacks'
  activesupport (3.2.12) lib/active_support/callbacks.rb:81:in `run_callbacks'
  actionpack (3.2.12) lib/abstract_controller/callbacks.rb:17:in `process_action'
  actionpack (3.2.12) lib/action_controller/metal/rescue.rb:29:in `process_action'
  actionpack (3.2.12) lib/action_controller/metal/instrumentation.rb:30:in `block in process_action'
  activesupport (3.2.12) lib/active_support/notifications.rb:123:in `block in instrument'
  activesupport (3.2.12) lib/active_support/notifications/instrumenter.rb:20:in `instrument'
  activesupport (3.2.12) lib/active_support/notifications.rb:123:in `instrument'
  actionpack (3.2.12) lib/action_controller/metal/instrumentation.rb:29:in `process_action'
  actionpack (3.2.12) lib/action_controller/metal/params_wrapper.rb:207:in `process_action'
  activerecord (3.2.12) lib/active_record/railties/controller_runtime.rb:18:in `process_action'
  actionpack (3.2.12) lib/abstract_controller/base.rb:121:in `process'
  actionpack (3.2.12) lib/abstract_controller/rendering.rb:45:in `process'
  actionpack (3.2.12) lib/action_controller/metal.rb:203:in `dispatch'
  actionpack (3.2.12) lib/action_controller/metal/rack_delegation.rb:14:in `dispatch'
  actionpack (3.2.12) lib/action_controller/metal.rb:246:in `block in action'
  actionpack (3.2.12) lib/action_dispatch/routing/route_set.rb:73:in `call'
  actionpack (3.2.12) lib/action_dispatch/routing/route_set.rb:73:in `dispatch'
  actionpack (3.2.12) lib/action_dispatch/routing/route_set.rb:36:in `call'
  journey (1.0.4) lib/journey/router.rb:68:in `block in call'
  journey (1.0.4) lib/journey/router.rb:56:in `each'
  journey (1.0.4) lib/journey/router.rb:56:in `call'
  actionpack (3.2.12) lib/action_dispatch/routing/route_set.rb:601:in `call'
  actionpack (3.2.12) lib/action_dispatch/middleware/best_standards_support.rb:17:in `call'
  rack (1.4.5) lib/rack/etag.rb:23:in `call'
  rack (1.4.5) lib/rack/conditionalget.rb:35:in `call'
  actionpack (3.2.12) lib/action_dispatch/middleware/head.rb:14:in `call'
  actionpack (3.2.12) lib/action_dispatch/middleware/params_parser.rb:21:in `call'
  actionpack (3.2.12) lib/action_dispatch/middleware/flash.rb:242:in `call'
  rack (1.4.5) lib/rack/session/abstract/id.rb:210:in `context'
  rack (1.4.5) lib/rack/session/abstract/id.rb:205:in `call'
  actionpack (3.2.12) lib/action_dispatch/middleware/cookies.rb:341:in `call'
  activerecord (3.2.12) lib/active_record/query_cache.rb:64:in `call'
  activerecord (3.2.12) lib/active_record/connection_adapters/abstract/connection_pool.rb:479:in `call'
  actionpack (3.2.12) lib/action_dispatch/middleware/callbacks.rb:28:in `block in call'
  activesupport (3.2.12) lib/active_support/callbacks.rb:405:in `_run__3071395337314955673__call__2151639112319569695__callbacks'
  activesupport (3.2.12) lib/active_support/callbacks.rb:405:in `__run_callback'
  activesupport (3.2.12) lib/active_support/callbacks.rb:385:in `_run_call_callbacks'
  activesupport (3.2.12) lib/active_support/callbacks.rb:81:in `run_callbacks'
  actionpack (3.2.12) lib/action_dispatch/middleware/callbacks.rb:27:in `call'
  actionpack (3.2.12) lib/action_dispatch/middleware/reloader.rb:65:in `call'
  actionpack (3.2.12) lib/action_dispatch/middleware/remote_ip.rb:31:in `call'
  better_errors (1.0.1) lib/better_errors/middleware.rb:84:in `protected_app_call'
  better_errors (1.0.1) lib/better_errors/middleware.rb:79:in `better_errors_call'
  better_errors (1.0.1) lib/better_errors/middleware.rb:56:in `call'
  actionpack (3.2.12) lib/action_dispatch/middleware/debug_exceptions.rb:16:in `call'
  actionpack (3.2.12) lib/action_dispatch/middleware/show_exceptions.rb:56:in `call'
  railties (3.2.12) lib/rails/rack/logger.rb:32:in `call_app'
  railties (3.2.12) lib/rails/rack/logger.rb:16:in `block in call'
  activesupport (3.2.12) lib/active_support/tagged_logging.rb:22:in `tagged'
  railties (3.2.12) lib/rails/rack/logger.rb:16:in `call'
  actionpack (3.2.12) lib/action_dispatch/middleware/request_id.rb:22:in `call'
  rack (1.4.5) lib/rack/methodoverride.rb:21:in `call'
  rack (1.4.5) lib/rack/runtime.rb:17:in `call'
  activesupport (3.2.12) lib/active_support/cache/strategy/local_cache.rb:72:in `call'
  rack (1.4.5) lib/rack/lock.rb:15:in `call'
  actionpack (3.2.12) lib/action_dispatch/middleware/static.rb:62:in `call'
  railties (3.2.12) lib/rails/engine.rb:479:in `call'
  railties (3.2.12) lib/rails/application.rb:223:in `call'
  rack (1.4.5) lib/rack/content_length.rb:14:in `call'
  railties (3.2.12) lib/rails/rack/log_tailer.rb:17:in `call'
  rack (1.4.5) lib/rack/handler/webrick.rb:59:in `service'
  /Users/apprentice/.rvm/rubies/ruby-1.9.3-p374/lib/ruby/1.9.1/webrick/httpserver.rb:138:in `service'
  /Users/apprentice/.rvm/rubies/ruby-1.9.3-p374/lib/ruby/1.9.1/webrick/httpserver.rb:94:in `run'
  /Users/apprentice/.rvm/rubies/ruby-1.9.3-p374/lib/ruby/1.9.1/webrick/server.rb:191:in `block in start_thread'



Started POST "/__better_errors/70232831855580/variables" for 127.0.0.1 at 2013-10-30 16:24:01 -0700


Started GET "/" for 127.0.0.1 at 2013-10-30 16:24:15 -0700
Processing by QuestionsController#index as HTML
  Rendered questions/index.html.erb within layouts/application (2.0ms)
Completed 200 OK in 7ms (Views: 6.5ms | ActiveRecord: 0.0ms)


Started GET "/assets/application.css?body=1" for 127.0.0.1 at 2013-10-30 16:24:15 -0700
Served asset /application.css - 304 Not Modified (0ms)


Started GET "/assets/jquery_ujs.js?body=1" for 127.0.0.1 at 2013-10-30 16:24:15 -0700
Served asset /jquery_ujs.js - 304 Not Modified (0ms)


Started GET "/assets/application.js?body=1" for 127.0.0.1 at 2013-10-30 16:24:15 -0700
Served asset /application.js - 304 Not Modified (0ms)


Started GET "/assets/jquery.js?body=1" for 127.0.0.1 at 2013-10-30 16:24:15 -0700
Served asset /jquery.js - 304 Not Modified (0ms)


Started POST "/questions" for 127.0.0.1 at 2013-10-30 16:24:18 -0700
Processing by QuestionsController#create as HTML
  Parameters: {"utf8"=>"✓", "authenticity_token"=>"PM9AGUB7j9G2zueKHujsuZIps9xf521yaAiS9i0uclw=", "question"=>{"title"=>"sdfsdf", "description"=>"sdfsdfsdfsd"}, "commit"=>"Submit Question"}
  [1m[36m (0.2ms)[0m  [1mBEGIN[0m
  [1m[35mSQL (4.9ms)[0m  INSERT INTO "questions" ("created_at", "description", "title", "updated_at") VALUES ($1, $2, $3, $4) RETURNING "id"  [["created_at", Wed, 30 Oct 2013 23:24:18 UTC +00:00], ["description", nil], ["title", nil], ["updated_at", Wed, 30 Oct 2013 23:24:18 UTC +00:00]]
  [1m[36m (1.5ms)[0m  [1mCOMMIT[0m
Redirected to http://localhost:3000index
Completed 302 Found in 39ms (ActiveRecord: 14.1ms)


Started GET "/" for 127.0.0.1 at 2013-10-30 16:26:21 -0700
Processing by QuestionsController#index as HTML
  Rendered questions/index.html.erb within layouts/application (1.3ms)
Completed 200 OK in 4ms (Views: 4.0ms | ActiveRecord: 0.0ms)


Started GET "/assets/jquery.js?body=1" for 127.0.0.1 at 2013-10-30 16:26:21 -0700
Served asset /jquery.js - 304 Not Modified (0ms)


Started GET "/assets/jquery_ujs.js?body=1" for 127.0.0.1 at 2013-10-30 16:26:21 -0700
Served asset /jquery_ujs.js - 304 Not Modified (0ms)


Started GET "/assets/application.js?body=1" for 127.0.0.1 at 2013-10-30 16:26:21 -0700
Served asset /application.js - 304 Not Modified (0ms)


Started GET "/assets/application.css?body=1" for 127.0.0.1 at 2013-10-30 16:26:21 -0700
Served asset /application.css - 304 Not Modified (0ms)


Started POST "/questions" for 127.0.0.1 at 2013-10-30 16:26:25 -0700
Processing by QuestionsController#create as HTML
  Parameters: {"utf8"=>"✓", "authenticity_token"=>"PM9AGUB7j9G2zueKHujsuZIps9xf521yaAiS9i0uclw=", "question"=>{"title"=>"sdfdf", "description"=>"werwr23r"}, "commit"=>"Submit Question"}
  [1m[35m (0.1ms)[0m  BEGIN
  [1m[36mSQL (0.7ms)[0m  [1mINSERT INTO "questions" ("created_at", "description", "title", "updated_at") VALUES ($1, $2, $3, $4) RETURNING "id"[0m  [["created_at", Wed, 30 Oct 2013 23:26:25 UTC +00:00], ["description", nil], ["title", nil], ["updated_at", Wed, 30 Oct 2013 23:26:25 UTC +00:00]]
  [1m[35m (1.1ms)[0m  COMMIT
Redirected to http://localhost:3000index
Completed 302 Found in 4ms (ActiveRecord: 2.0ms)


Started GET "/" for 127.0.0.1 at 2013-10-30 16:26:37 -0700
Processing by QuestionsController#index as HTML
  Rendered questions/index.html.erb within layouts/application (1.2ms)
Completed 200 OK in 4ms (Views: 4.1ms | ActiveRecord: 0.0ms)


Started GET "/assets/jquery.js?body=1" for 127.0.0.1 at 2013-10-30 16:26:37 -0700
Served asset /jquery.js - 304 Not Modified (0ms)


Started GET "/assets/application.js?body=1" for 127.0.0.1 at 2013-10-30 16:26:37 -0700
Served asset /application.js - 304 Not Modified (0ms)


Started GET "/assets/jquery_ujs.js?body=1" for 127.0.0.1 at 2013-10-30 16:26:37 -0700
Served asset /jquery_ujs.js - 304 Not Modified (0ms)


Started GET "/assets/application.css?body=1" for 127.0.0.1 at 2013-10-30 16:26:37 -0700
Served asset /application.css - 304 Not Modified (0ms)


Started POST "/create" for 127.0.0.1 at 2013-10-30 16:26:40 -0700

ActionController::RoutingError (No route matches [POST] "/create"):
  actionpack (3.2.12) lib/action_dispatch/middleware/debug_exceptions.rb:21:in `call'
  actionpack (3.2.12) lib/action_dispatch/middleware/show_exceptions.rb:56:in `call'
  railties (3.2.12) lib/rails/rack/logger.rb:32:in `call_app'
  railties (3.2.12) lib/rails/rack/logger.rb:16:in `block in call'
  activesupport (3.2.12) lib/active_support/tagged_logging.rb:22:in `tagged'
  railties (3.2.12) lib/rails/rack/logger.rb:16:in `call'
  actionpack (3.2.12) lib/action_dispatch/middleware/request_id.rb:22:in `call'
  rack (1.4.5) lib/rack/methodoverride.rb:21:in `call'
  rack (1.4.5) lib/rack/runtime.rb:17:in `call'
  activesupport (3.2.12) lib/active_support/cache/strategy/local_cache.rb:72:in `call'
  rack (1.4.5) lib/rack/lock.rb:15:in `call'
  actionpack (3.2.12) lib/action_dispatch/middleware/static.rb:62:in `call'
  railties (3.2.12) lib/rails/engine.rb:479:in `call'
  railties (3.2.12) lib/rails/application.rb:223:in `call'
  rack (1.4.5) lib/rack/content_length.rb:14:in `call'
  railties (3.2.12) lib/rails/rack/log_tailer.rb:17:in `call'
  rack (1.4.5) lib/rack/handler/webrick.rb:59:in `service'
  /Users/apprentice/.rvm/rubies/ruby-1.9.3-p374/lib/ruby/1.9.1/webrick/httpserver.rb:138:in `service'
  /Users/apprentice/.rvm/rubies/ruby-1.9.3-p374/lib/ruby/1.9.1/webrick/httpserver.rb:94:in `run'
  /Users/apprentice/.rvm/rubies/ruby-1.9.3-p374/lib/ruby/1.9.1/webrick/server.rb:191:in `block in start_thread'


  Rendered /Users/apprentice/.rvm/gems/ruby-1.9.3-p374/gems/actionpack-3.2.12/lib/action_dispatch/middleware/templates/rescues/routing_error.erb within rescues/layout (1.0ms)


Started GET "/" for 127.0.0.1 at 2013-10-30 16:27:00 -0700
Processing by QuestionsController#index as HTML
  Rendered questions/index.html.erb within layouts/application (1.1ms)
Completed 200 OK in 4ms (Views: 3.9ms | ActiveRecord: 0.0ms)


Started GET "/assets/jquery.js?body=1" for 127.0.0.1 at 2013-10-30 16:27:00 -0700
Served asset /jquery.js - 304 Not Modified (0ms)


Started GET "/assets/application.css?body=1" for 127.0.0.1 at 2013-10-30 16:27:00 -0700
Served asset /application.css - 304 Not Modified (0ms)


Started GET "/assets/jquery_ujs.js?body=1" for 127.0.0.1 at 2013-10-30 16:27:00 -0700
Served asset /jquery_ujs.js - 304 Not Modified (0ms)


Started GET "/assets/application.js?body=1" for 127.0.0.1 at 2013-10-30 16:27:00 -0700
Served asset /application.js - 304 Not Modified (0ms)


Started POST "/questions" for 127.0.0.1 at 2013-10-30 16:27:03 -0700
Processing by QuestionsController#create as HTML
  Parameters: {"utf8"=>"✓", "authenticity_token"=>"PM9AGUB7j9G2zueKHujsuZIps9xf521yaAiS9i0uclw=", "question"=>{"title"=>"sdfsdfsdf", "description"=>"sdfsdfsdfsdfsdf"}, "commit"=>"Submit Question"}
  [1m[36m (0.1ms)[0m  [1mBEGIN[0m
  [1m[35mSQL (0.5ms)[0m  INSERT INTO "questions" ("created_at", "description", "title", "updated_at") VALUES ($1, $2, $3, $4) RETURNING "id"  [["created_at", Wed, 30 Oct 2013 23:27:03 UTC +00:00], ["description", nil], ["title", nil], ["updated_at", Wed, 30 Oct 2013 23:27:03 UTC +00:00]]
  [1m[36m (1.0ms)[0m  [1mCOMMIT[0m
Redirected to http://localhost:3000index
Completed 302 Found in 3ms (ActiveRecord: 1.6ms)


Started GET "/" for 127.0.0.1 at 2013-10-30 16:27:19 -0700
Processing by QuestionsController#index as HTML
  Rendered questions/index.html.erb within layouts/application (1.7ms)
Completed 200 OK in 6ms (Views: 6.1ms | ActiveRecord: 0.0ms)


Started GET "/assets/application.css?body=1" for 127.0.0.1 at 2013-10-30 16:27:19 -0700
Served asset /application.css - 304 Not Modified (0ms)


Started GET "/assets/jquery_ujs.js?body=1" for 127.0.0.1 at 2013-10-30 16:27:19 -0700
Served asset /jquery_ujs.js - 304 Not Modified (0ms)


Started GET "/assets/jquery.js?body=1" for 127.0.0.1 at 2013-10-30 16:27:19 -0700
Served asset /jquery.js - 304 Not Modified (0ms)


Started GET "/assets/application.js?body=1" for 127.0.0.1 at 2013-10-30 16:27:19 -0700
Served asset /application.js - 304 Not Modified (0ms)


Started POST "/questions/create" for 127.0.0.1 at 2013-10-30 16:27:22 -0700

ActionController::RoutingError (No route matches [POST] "/questions/create"):
  actionpack (3.2.12) lib/action_dispatch/middleware/debug_exceptions.rb:21:in `call'
  actionpack (3.2.12) lib/action_dispatch/middleware/show_exceptions.rb:56:in `call'
  railties (3.2.12) lib/rails/rack/logger.rb:32:in `call_app'
  railties (3.2.12) lib/rails/rack/logger.rb:16:in `block in call'
  activesupport (3.2.12) lib/active_support/tagged_logging.rb:22:in `tagged'
  railties (3.2.12) lib/rails/rack/logger.rb:16:in `call'
  actionpack (3.2.12) lib/action_dispatch/middleware/request_id.rb:22:in `call'
  rack (1.4.5) lib/rack/methodoverride.rb:21:in `call'
  rack (1.4.5) lib/rack/runtime.rb:17:in `call'
  activesupport (3.2.12) lib/active_support/cache/strategy/local_cache.rb:72:in `call'
  rack (1.4.5) lib/rack/lock.rb:15:in `call'
  actionpack (3.2.12) lib/action_dispatch/middleware/static.rb:62:in `call'
  railties (3.2.12) lib/rails/engine.rb:479:in `call'
  railties (3.2.12) lib/rails/application.rb:223:in `call'
  rack (1.4.5) lib/rack/content_length.rb:14:in `call'
  railties (3.2.12) lib/rails/rack/log_tailer.rb:17:in `call'
  rack (1.4.5) lib/rack/handler/webrick.rb:59:in `service'
  /Users/apprentice/.rvm/rubies/ruby-1.9.3-p374/lib/ruby/1.9.1/webrick/httpserver.rb:138:in `service'
  /Users/apprentice/.rvm/rubies/ruby-1.9.3-p374/lib/ruby/1.9.1/webrick/httpserver.rb:94:in `run'
  /Users/apprentice/.rvm/rubies/ruby-1.9.3-p374/lib/ruby/1.9.1/webrick/server.rb:191:in `block in start_thread'


  Rendered /Users/apprentice/.rvm/gems/ruby-1.9.3-p374/gems/actionpack-3.2.12/lib/action_dispatch/middleware/templates/rescues/routing_error.erb within rescues/layout (0.5ms)
